{"name": "test_forget_pwd_id_with_numberphone_registed_OTPuncorrect", "status": "broken", "statusDetails": {"message": "selenium.common.exceptions.TimeoutException: Message: \nStacktrace:\nNoSuchElementError: An element could not be located on the page using the given search parameters.\n    at AndroidUiautomator2Driver.findElOrEls (/Applications/Appium Server GUI.app/Contents/Resources/app/node_modules/appium/node_modules/appium-android-driver/lib/commands/find.js:75:11)\n    at runMicrotasks (<anonymous>)\n    at processTicksAndRejections (internal/process/task_queues.js:97:5)\n    at AndroidUiautomator2Driver.findElOrElsWithProcessing (/Applications/Appium Server GUI.app/Contents/Resources/app/node_modules/appium/node_modules/appium-base-driver/lib/basedriver/commands/find.js:33:12)\n    at AndroidUiautomator2Driver.findElement (/Applications/Appium Server GUI.app/Contents/Resources/app/node_modules/appium/node_modules/appium-base-driver/lib/basedriver/commands/find.js:53:10)", "trace": "self = <tests.Login.Forget_pwd.ForgetPWD testMethod=test_forget_pwd_id_with_numberphone_registed_OTPuncorrect>\n\n    def test_forget_pwd_id_with_numberphone_registed_OTPuncorrect(self):\n        # '''Forget password/ID : With phone number registered  : OTP correct'''\n        self.driver.press_keycode(3)\n        self.loginobj.click_logo_okxe()\n>       self.loginobj.click_button_login()\n\ntests/Login/Forget_pwd.py:75: \n_ _ _ _ _ _ _ _ _ _ _ _ _ _ _ _ _ _ _ _ _ _ _ _ _ _ _ _ _ _ _ _ _ _ _ _ _ _ _ _ _ _ _ _ _ _ _ _ _ _ _ _ _ _ _ _ _ _ _ _ _ _ _ _ _ _ _ _ _ _ _ _ _ _ _ _ _ _ _ _ _ _ _ _ _ _ _ _ _ _ _ _ _ _ _ _ _ _ _ _ _ _ _ _ _ _ _ _ _ _ _ _ _ _ _ _ \npages/Login_with_username_pwd.py:55: in click_button_login\n    click_button_login = WebDriverWait(self.driver, 20).until(EC.element_to_be_clickable((MobileBy.ID,get_button_login_id())))\n_ _ _ _ _ _ _ _ _ _ _ _ _ _ _ _ _ _ _ _ _ _ _ _ _ _ _ _ _ _ _ _ _ _ _ _ _ _ _ _ _ _ _ _ _ _ _ _ _ _ _ _ _ _ _ _ _ _ _ _ _ _ _ _ _ _ _ _ _ _ _ _ _ _ _ _ _ _ _ _ _ _ _ _ _ _ _ _ _ _ _ _ _ _ _ _ _ _ _ _ _ _ _ _ _ _ _ _ _ _ _ _ _ _ _ _ \n\nself = <selenium.webdriver.support.wait.WebDriverWait (session=\"435a9740-cdb2-4505-a119-0798245090d5\")>, method = <function element_to_be_clickable.<locals>._predicate at 0x7fa190a44d30>, message = ''\n\n    def until(self, method, message: str = \"\"):\n        \"\"\"Calls the method provided with the driver as an argument until the \\\n        return value does not evaluate to ``False``.\n    \n        :param method: callable(WebDriver)\n        :param message: optional message for :exc:`TimeoutException`\n        :returns: the result of the last call to `method`\n        :raises: :exc:`selenium.common.exceptions.TimeoutException` if timeout occurs\n        \"\"\"\n        screen = None\n        stacktrace = None\n    \n        end_time = time.monotonic() + self._timeout\n        while True:\n            try:\n                value = method(self._driver)\n                if value:\n                    return value\n            except self._ignored_exceptions as exc:\n                screen = getattr(exc, 'screen', None)\n                stacktrace = getattr(exc, 'stacktrace', None)\n            time.sleep(self._poll)\n            if time.monotonic() > end_time:\n                break\n>       raise TimeoutException(message, screen, stacktrace)\nE       selenium.common.exceptions.TimeoutException: Message: \nE       Stacktrace:\nE       NoSuchElementError: An element could not be located on the page using the given search parameters.\nE           at AndroidUiautomator2Driver.findElOrEls (/Applications/Appium Server GUI.app/Contents/Resources/app/node_modules/appium/node_modules/appium-android-driver/lib/commands/find.js:75:11)\nE           at runMicrotasks (<anonymous>)\nE           at processTicksAndRejections (internal/process/task_queues.js:97:5)\nE           at AndroidUiautomator2Driver.findElOrElsWithProcessing (/Applications/Appium Server GUI.app/Contents/Resources/app/node_modules/appium/node_modules/appium-base-driver/lib/basedriver/commands/find.js:33:12)\nE           at AndroidUiautomator2Driver.findElement (/Applications/Appium Server GUI.app/Contents/Resources/app/node_modules/appium/node_modules/appium-base-driver/lib/basedriver/commands/find.js:53:10)\n\nvenv/lib/python3.8/site-packages/selenium/webdriver/support/wait.py:90: TimeoutException"}, "attachments": [{"name": "stdout", "source": "5c1817c8-658f-4587-adfc-66c013067e55-attachment.txt", "type": "text/plain"}], "start": 1660293724776, "stop": 1660293749231, "uuid": "269d3a68-3026-4b78-a638-bf2f63be52ab", "historyId": "618f0ecebd1b6bf9ec7fc4e8db0668f1", "testCaseId": "e85d637bb054fe14776a6762252e4152", "fullName": "main.ForgetPWD#test_forget_pwd_id_with_numberphone_registed_OTPuncorrect", "labels": [{"name": "tag", "value": "usefixmarkmarktures('driver_Testusefixmarkmarkclass')"}, {"name": "suite", "value": "main"}, {"name": "subSuite", "value": "ForgetPWD"}, {"name": "host", "value": "okxe-2.local"}, {"name": "thread", "value": "9727-MainThread"}, {"name": "framework", "value": "pytest"}, {"name": "language", "value": "cpython3"}, {"name": "package", "value": "main"}]}